C:\Users\prashantkumar06\Documents\Project\Library\library-frontend\dist\out-tsc\app\services\auth.service.js
C:\Users\prashantkumar06\Documents\Project\Library\library-frontend\dist\out-tsc\app\services\auth.service.js.map
C:\Users\prashantkumar06\Documents\Project\Library\library-frontend\dist\out-tsc\app\login\login.component.js
C:\Users\prashantkumar06\Documents\Project\Library\library-frontend\dist\out-tsc\app\login\login.component.js.map
C:\Users\prashantkumar06\Documents\Project\Library\library-frontend\dist\out-tsc\app\registration\registration.component.js
C:\Users\prashantkumar06\Documents\Project\Library\library-frontend\dist\out-tsc\app\registration\registration.component.js.map
C:\Users\prashantkumar06\Documents\Project\Library\library-frontend\dist\out-tsc\app\dashboard\dashboard.component.js
C:\Users\prashantkumar06\Documents\Project\Library\library-frontend\dist\out-tsc\app\dashboard\dashboard.component.js.map
C:\Users\prashantkumar06\Documents\Project\Library\library-frontend\dist\out-tsc\app\services\user.service.js
C:\Users\prashantkumar06\Documents\Project\Library\library-frontend\dist\out-tsc\app\services\user.service.js.map
C:\Users\prashantkumar06\Documents\Project\Library\library-frontend\dist\out-tsc\app\user-details\user-details.component.js
C:\Users\prashantkumar06\Documents\Project\Library\library-frontend\dist\out-tsc\app\user-details\user-details.component.js.map
C:\Users\prashantkumar06\Documents\Project\Library\library-frontend\dist\out-tsc\app\app-routing.module.js
C:\Users\prashantkumar06\Documents\Project\Library\library-frontend\dist\out-tsc\app\app-routing.module.js.map
C:\Users\prashantkumar06\Documents\Project\Library\library-frontend\dist\out-tsc\app\app.component.js
C:\Users\prashantkumar06\Documents\Project\Library\library-frontend\dist\out-tsc\app\app.component.js.map
C:\Users\prashantkumar06\Documents\Project\Library\library-frontend\dist\out-tsc\app\services\auth.interceptor.js
C:\Users\prashantkumar06\Documents\Project\Library\library-frontend\dist\out-tsc\app\services\auth.interceptor.js.map
C:\Users\prashantkumar06\Documents\Project\Library\library-frontend\dist\out-tsc\app\header\header.component.js
C:\Users\prashantkumar06\Documents\Project\Library\library-frontend\dist\out-tsc\app\header\header.component.js.map
C:\Users\prashantkumar06\Documents\Project\Library\library-frontend\dist\out-tsc\app\services\book.service.js
C:\Users\prashantkumar06\Documents\Project\Library\library-frontend\dist\out-tsc\app\services\book.service.js.map
C:\Users\prashantkumar06\Documents\Project\Library\library-frontend\dist\out-tsc\app\book-detail-modal\book-detail-modal.component.js
C:\Users\prashantkumar06\Documents\Project\Library\library-frontend\dist\out-tsc\app\book-detail-modal\book-detail-modal.component.js.map
C:\Users\prashantkumar06\Documents\Project\Library\library-frontend\dist\out-tsc\app\book-list\book-list.component.js
C:\Users\prashantkumar06\Documents\Project\Library\library-frontend\dist\out-tsc\app\book-list\book-list.component.js.map
C:\Users\prashantkumar06\Documents\Project\Library\library-frontend\dist\out-tsc\app\app.module.js
C:\Users\prashantkumar06\Documents\Project\Library\library-frontend\dist\out-tsc\app\app.module.js.map
C:\Users\prashantkumar06\Documents\Project\Library\library-frontend\dist\out-tsc\main.js
C:\Users\prashantkumar06\Documents\Project\Library\library-frontend\dist\out-tsc\main.js.map
C:\Users\prashantkumar06\Documents\Project\Library\library-frontend\dist\out-tsc\app\app.component.spec.js
C:\Users\prashantkumar06\Documents\Project\Library\library-frontend\dist\out-tsc\app\app.component.spec.js.map
C:\Users\prashantkumar06\Documents\Project\Library\library-frontend\dist\out-tsc\app\book-detail-modal\book-detail-modal.component.spec.js
C:\Users\prashantkumar06\Documents\Project\Library\library-frontend\dist\out-tsc\app\book-detail-modal\book-detail-modal.component.spec.js.map
C:\Users\prashantkumar06\Documents\Project\Library\library-frontend\dist\out-tsc\app\book-list\book-list.component.spec.js
C:\Users\prashantkumar06\Documents\Project\Library\library-frontend\dist\out-tsc\app\book-list\book-list.component.spec.js.map
C:\Users\prashantkumar06\Documents\Project\Library\library-frontend\dist\out-tsc\app\dashboard\dashboard.component.spec.js
C:\Users\prashantkumar06\Documents\Project\Library\library-frontend\dist\out-tsc\app\dashboard\dashboard.component.spec.js.map
C:\Users\prashantkumar06\Documents\Project\Library\library-frontend\dist\out-tsc\app\header\header.component.spec.js
C:\Users\prashantkumar06\Documents\Project\Library\library-frontend\dist\out-tsc\app\header\header.component.spec.js.map
C:\Users\prashantkumar06\Documents\Project\Library\library-frontend\dist\out-tsc\app\login\login.component.spec.js
C:\Users\prashantkumar06\Documents\Project\Library\library-frontend\dist\out-tsc\app\login\login.component.spec.js.map
C:\Users\prashantkumar06\Documents\Project\Library\library-frontend\dist\out-tsc\app\registration\registration.component.spec.js
C:\Users\prashantkumar06\Documents\Project\Library\library-frontend\dist\out-tsc\app\registration\registration.component.spec.js.map
C:\Users\prashantkumar06\Documents\Project\Library\library-frontend\dist\out-tsc\app\services\auth.service.spec.js
C:\Users\prashantkumar06\Documents\Project\Library\library-frontend\dist\out-tsc\app\services\auth.service.spec.js.map
C:\Users\prashantkumar06\Documents\Project\Library\library-frontend\dist\out-tsc\app\services\book.service.spec.js
C:\Users\prashantkumar06\Documents\Project\Library\library-frontend\dist\out-tsc\app\services\book.service.spec.js.map
C:\Users\prashantkumar06\Documents\Project\Library\library-frontend\dist\out-tsc\app\services\user.service.spec.js
C:\Users\prashantkumar06\Documents\Project\Library\library-frontend\dist\out-tsc\app\services\user.service.spec.js.map
C:\Users\prashantkumar06\Documents\Project\Library\library-frontend\dist\out-tsc\app\user-details\user-details.component.spec.js
C:\Users\prashantkumar06\Documents\Project\Library\library-frontend\dist\out-tsc\app\user-details\user-details.component.spec.js.map
